    1 NTR 8.847851397121083    A  
    1 ASP 2.3846561046621546   A  
    8 LYS 11.984994903929637   A  
    9 ASP 3.9394357325919813   A  
   21 LYS 8.297784525897097    A  
   28 GLU -1.9303431239848403  A  
   31 LYS 10.572713178294574   A  
   38 HIS 5.595902686588352    A  
   41 LYS 11.387047888462316   A  
   46 GLU 2.5006890960680987   A  
   47 LYS 10.542232942158726   A  
   49 TYR 12.233047075456877   A  
   50 LYS 9.876359406044129    A  
   54 ASP 0.6855519307825964   A  
   55 CYS None                 A  
   61 LYS 12.16509312228483    A  
   62 GLU 2.89215391552683     A  
   79 TYR 14.8437408133268     A  
   90 LYS 11.138784553703314   A  
   91 ASP -1.7281075792815743  A  
   92 LYS 12.987967308959156   A  
   93 TYR 14.430913830954994   A  
   94 LYS 10.465162017934754   A  
  102 ASP -1.5205155746509131  A  
  104 HIS 5.353940145209846    A  
  105 LYS 10.469942888725129   A  
  110 TYR 10.67103498379345    A  
  127 CYS None                 A  
  130 TYR None                 A  
  133 ASP -4.729815960468464   A  
  142 ASP -4.364766196961348   A  
  145 LYS 10.209409343765547   A  
  151 GLU 2.9444583541979634   A  
  158 CYS None                 A  
  161 LYS 11.546023053376699   A  
  164 LYS 10.672674822141246   A  
  166 ASP 2.767706449668475    A  
  172 TYR None                 A  
  185 TYR 14.11165637964181    A  
  189 TYR 9.232307590933052    A  
  193 TYR 10.590459455941689   A  
  194 ASP 1.3727167022992386   A  
  197 LYS 12.09332297013954    A  
  202 ASP 2.672690114068441    A  
  204 LYS 10.79168611806646    A  
  207 HIS 6.406875939455378    A  
  227 TYR None                 A  
  230 ASP -1.110293163834479   A  
  243 LYS 10.852860985895012   A  
  246 ASP 1.103684794672586    A  
  249 TYR None                 A  
  254 ASP 1.9717625426845284   A  
  255 CYS None                 A  
  258 LYS 12.382544285938234   A  
  261 LYS 11.983904420343084   A  
  262 ASP 2.9676190699418714   A  
  263 GLU -1.3878241971405991  A  
  266 LYS 12.980672471123556   A  
  270 LYS 10.083216877183553   A  
  289 TYR 12.968505636234386   A  
  290 ASP 3.3869142771505643   A  
  291 GLU 3.696093706527183    A  
  292 CTR 1.9273609260493005   A  
