    1 NTR 8.727213028631468    A  
    1 ASP 2.8227535489536075   A  
    8 LYS 11.730639355820253   A  
    9 ASP 2.344755782898013    A  
   21 LYS 9.42397827950843     A  
   28 GLU -1.5162612643133004  A  
   31 LYS 11.114938798219585   A  
   38 HIS 5.4757509825940485   A  
   41 LYS 10.313998355367197   A  
   46 GLU 0.3210857529772574   A  
   47 LYS 10.761795989129416   A  
   49 TYR 14.094479951304876   A  
   50 LYS 10.629301470588235   A  
   54 ASP 0.48608956960062044  A  
   55 CYS None                 A  
   61 LYS 11.56930420775547    A  
   62 GLU 3.0871452542496534   A  
   79 TYR None                 A  
   90 LYS 10.794766570964923   A  
   91 ASP 2.9799026064742744   A  
   92 LYS 12.236547085201794   A  
   93 TYR 13.516404690618762   A  
   94 LYS 10.93285994688835    A  
  102 ASP 1.0920804413596725   A  
  104 HIS 3.394584851538879    A  
  105 LYS 10.388513999856043   A  
  110 TYR 12.228528249244361   A  
  127 CYS None                 A  
  130 TYR None                 A  
  133 ASP -2.855323462013044   A  
  142 ASP None                 A  
  145 LYS 10.274186319128397   A  
  151 GLU 2.1596519784521178   A  
  158 CYS None                 A  
  161 LYS 10.506956779159266   A  
  164 LYS 10.894788347746928   A  
  166 ASP -1.20611242672464    A  
  172 TYR None                 A  
  185 TYR 11.032468718604438   A  
  189 TYR 14.399577591089296   A  
  193 TYR 9.06487163124049     A  
  194 ASP -1.2066819698002222  A  
  197 LYS 11.672189304919339   A  
  202 ASP 2.6861578142911733   A  
  204 LYS 10.740803295571576   A  
  207 HIS 5.356516976998905    A  
  227 TYR None                 A  
  230 ASP -4.420200862398341   A  
  243 LYS 10.042700702646135   A  
  246 ASP 0.6283165868592512   A  
  249 TYR 12.476364069573505   A  
  254 ASP 2.747330298013245    A  
  255 CYS None                 A  
  258 LYS 10.759474920829502   A  
  261 LYS 11.544315428953304   A  
  262 ASP 2.2178908091123333   A  
  263 GLU 1.223643429920795    A  
  266 LYS 12.438038743164334   A  
  270 LYS 11.736403047819232   A  
  289 TYR None                 A  
  290 ASP 3.7605060462146307   A  
  291 GLU 2.354631764879054    A  
  292 CTR 0.5186750272628136   A  
