    1 NTR 8.629913373037358    A  
    1 ASP 2.422400694595181    A  
    8 LYS 11.978360619631452   A  
    9 ASP 4.073254779902179    A  
   21 LYS 8.23178737321073     A  
   28 GLU -1.7905563430191354  A  
   31 LYS 9.301383684058807    A  
   38 HIS 5.563776865063909    A  
   41 LYS 11.511094473182684   A  
   46 GLU 2.673826985582132    A  
   47 LYS 10.568670900030869   A  
   49 TYR 12.060889750522932   A  
   50 LYS 10.001113556568674   A  
   54 ASP 0.6850801502584892   A  
   55 CYS None                 A  
   61 LYS 12.395272749510763   A  
   62 GLU 2.8506976038823173   A  
   79 TYR 14.795455515254961   A  
   90 LYS 11.12538007315031    A  
   91 ASP -2.5954456486280764  A  
   92 LYS 13.279176072234764   A  
   93 TYR 12.252516317940584   A  
   94 LYS 10.48118572764101    A  
  102 ASP -1.626950716877444   A  
  104 HIS 5.438676364942529    A  
  105 LYS 10.467140573255682   A  
  110 TYR 10.850592216582065   A  
  127 CYS None                 A  
  130 TYR None                 A  
  133 ASP None                 A  
  142 ASP -2.9581896874765796  A  
  145 LYS 10.012275977552498   A  
  151 GLU 2.768022742327225    A  
  158 CYS None                 A  
  161 LYS 11.195801367360785   A  
  164 LYS 10.688302328723932   A  
  166 ASP 2.3533688173438922   A  
  172 TYR None                 A  
  185 TYR 13.827844467640919   A  
  189 TYR 9.647746128318584    A  
  193 TYR 10.484840397138893   A  
  194 ASP 1.5900029864118261   A  
  197 LYS 12.22213353692393    A  
  202 ASP 2.4434520434010056   A  
  204 LYS 10.78380694632386    A  
  207 HIS 6.407063328841926    A  
  227 TYR None                 A  
  230 ASP -1.4690121492623662  A  
  243 LYS 10.907303481800577   A  
  246 ASP 1.7678425655976677   A  
  249 TYR None                 A  
  254 ASP 2.415228462300184    A  
  255 CYS None                 A  
  258 LYS 12.351122991779055   A  
  261 LYS 11.901425256152027   A  
  262 ASP 2.5716318523430592   A  
  263 GLU -0.9556209791734817  A  
  266 LYS 12.987207415000855   A  
  270 LYS 10.01230870712401    A  
  289 TYR 13.043897125396107   A  
  290 ASP 3.574776224479533    A  
  291 GLU 3.525061267359085    A  
  292 CTR 2.281756882009454    A  
