    1 NTR 8.367824988434576    A  
    1 ASP 2.610463840216556    A  
    8 LYS 11.255459910536405   A  
    9 ASP 3.9394680525833077   A  
   21 LYS 8.889242968282465    A  
   28 GLU -1.0792418686604124  A  
   31 LYS 11.446946062118691   A  
   38 HIS 5.108474077663183    A  
   41 LYS 10.29340939464436    A  
   46 GLU 3.4341800306530597   A  
   47 LYS 11.459461252653927   A  
   49 TYR None                 A  
   50 LYS 11.841596211472602   A  
   54 ASP 0.2859085963003264   A  
   55 CYS None                 A  
   61 LYS 10.805614564303012   A  
   62 GLU 2.6027519139250983   A  
   79 TYR None                 A  
   90 LYS 10.31345543165202    A  
   91 ASP 2.48429461414791     A  
   92 LYS None                 A  
   93 TYR None                 A  
   94 LYS 10.943304442658707   A  
  102 ASP 1.813875885015669    A  
  104 HIS 6.288013661301457    A  
  105 LYS 10.423431661750246   A  
  110 TYR 10.071311144439317   A  
  127 CYS None                 A  
  130 TYR None                 A  
  133 ASP None                 A  
  142 ASP -3.5596444780635403  A  
  145 LYS 10.314642788737789   A  
  151 GLU 2.0630134879838318   A  
  158 CYS None                 A  
  161 LYS 11.888207928802588   A  
  164 LYS 10.617199498827905   A  
  166 ASP 2.3070964346194334   A  
  172 TYR None                 A  
  185 TYR 9.746825091398884    A  
  189 TYR 10.5049190970835     A  
  193 TYR 9.377183713722175    A  
  194 ASP 1.7385623869801086   A  
  197 LYS 12.082808387625663   A  
  202 ASP 1.6829760551789004   A  
  204 LYS 10.577879473467709   A  
  207 HIS 4.7963501063075835   A  
  227 TYR None                 A  
  230 ASP -2.742609884440776   A  
  243 LYS 9.99246024142556     A  
  246 ASP 1.459661630134071    A  
  249 TYR 13.602208905826899   A  
  254 ASP -1.5815720539687095  A  
  255 CYS None                 A  
  258 LYS 12.961699037937919   A  
  261 LYS 10.210143847357829   A  
  262 ASP 1.8843321687718355   A  
  263 GLU 0.7408674063940821   A  
  266 LYS 13.39403953431967    A  
  270 LYS 10.903614751303161   A  
  289 TYR None                 A  
  290 ASP 1.5196124541435425   A  
  291 GLU 3.152277864719179    A  
  292 CTR 1.2989435416971649   A  
